# JRE version: OpenJDK Runtime Environment (11.0.8+10) (build 11.0.8+10-b944.6842174)
# Java VM: OpenJDK 64-Bit Server VM (11.0.8+10-b944.6842174, mixed mode, tiered, compressed oops, g1 gc, windows-amd64)
Heap:
 garbage-first heap   total 157696K, used 33176K [0x0000000081400000, 0x0000000100000000)
  region size 1024K, 7 young (7168K), 7 survivors (7168K)
 Metaspace       used 44763K, capacity 45309K, committed 45340K, reserved 1089536K
  class space    used 5233K, capacity 5436K, committed 5452K, reserved 1048576K
GC Heap History (9 events):
Event: 0.431 GC heap before
{Heap before GC invocations=0 (full 0):
 garbage-first heap   total 131072K, used 17408K [0x0000000081400000, 0x0000000100000000)
  region size 1024K, 14 young (14336K), 0 survivors (0K)
 Metaspace       used 9769K, capacity 9871K, committed 10112K, reserved 1058816K
  class space    used 828K, capacity 884K, committed 896K, reserved 1048576K
}
Event: 0.434 GC heap after
{Heap after GC invocations=1 (full 0):
 garbage-first heap   total 131072K, used 5168K [0x0000000081400000, 0x0000000100000000)
  region size 1024K, 2 young (2048K), 2 survivors (2048K)
 Metaspace       used 9769K, capacity 9871K, committed 10112K, reserved 1058816K
  class space    used 828K, capacity 884K, committed 896K, reserved 1048576K
}
Event: 1.296 GC heap before
{Heap before GC invocations=1 (full 0):
 garbage-first heap   total 131072K, used 52272K [0x0000000081400000, 0x0000000100000000)
  region size 1024K, 49 young (50176K), 2 survivors (2048K)
 Metaspace       used 21039K, capacity 21199K, committed 21248K, reserved 1069056K
  class space    used 2219K, capacity 2299K, committed 2304K, reserved 1048576K
}
Event: 1.309 GC heap after
{Heap after GC invocations=2 (full 0):
 garbage-first heap   total 131072K, used 9556K [0x0000000081400000, 0x0000000100000000)
  region size 1024K, 7 young (7168K), 7 survivors (7168K)
 Metaspace       used 21039K, capacity 21199K, committed 21248K, reserved 1069056K
  class space    used 2219K, capacity 2299K, committed 2304K, reserved 1048576K
}
Event: 2.252 GC heap before
{Heap before GC invocations=3 (full 0):
 garbage-first heap   total 131072K, used 72020K [0x0000000081400000, 0x0000000100000000)
  region size 1024K, 56 young (57344K), 7 survivors (7168K)
 Metaspace       used 30429K, capacity 30853K, committed 30972K, reserved 1077248K
  class space    used 3576K, capacity 3740K, committed 3840K, reserved 1048576K
}
Event: 2.274 GC heap after
{Heap after GC invocations=4 (full 0):
 garbage-first heap   total 131072K, used 24516K [0x0000000081400000, 0x0000000100000000)
  region size 1024K, 7 young (7168K), 7 survivors (7168K)
 Metaspace       used 30429K, capacity 30853K, committed 30972K, reserved 1077248K
  class space    used 3576K, capacity 3740K, committed 3840K, reserved 1048576K
}
Event: 2.720 GC heap before
{Heap before GC invocations=4 (full 0):
 garbage-first heap   total 131072K, used 49092K [0x0000000081400000, 0x0000000100000000)
  region size 1024K, 32 young (32768K), 7 survivors (7168K)
 Metaspace       used 35463K, capacity 35951K, committed 36048K, reserved 1081344K
  class space    used 4137K, capacity 4328K, committed 4352K, reserved 1048576K
}
Event: 2.731 GC heap after
{Heap after GC invocations=5 (full 0):
 garbage-first heap   total 131072K, used 25085K [0x0000000081400000, 0x0000000100000000)
  region size 1024K, 3 young (3072K), 3 survivors (3072K)
 Metaspace       used 35463K, capacity 35951K, committed 36048K, reserved 1081344K
  class space    used 4137K, capacity 4328K, committed 4352K, reserved 1048576K
}
Event: 3.691 GC heap before
{Heap before GC invocations=6 (full 0):
 garbage-first heap   total 131072K, used 81405K [0x0000000081400000, 0x0000000100000000)
  region size 1024K, 55 young (56320K), 3 survivors (3072K)
 Metaspace       used 44763K, capacity 45309K, committed 45340K, reserved 1089536K
  class space    used 5233K, capacity 5436K, committed 5452K, reserved 1048576K
}

