# JRE version: OpenJDK Runtime Environment (11.0.8+10) (build 11.0.8+10-b944.6842174)
# Java VM: OpenJDK 64-Bit Server VM (11.0.8+10-b944.6842174, mixed mode, tiered, compressed oops, g1 gc, windows-amd64)
Heap:
 garbage-first heap   total 411648K, used 215953K [0x0000000080000000, 0x0000000100000000)
  region size 1024K, 10 young (10240K), 10 survivors (10240K)
 Metaspace       used 212271K, capacity 217941K, committed 218324K, reserved 1239040K
  class space    used 25967K, capacity 28024K, committed 28160K, reserved 1048576K
GC Heap History (20 events):
Event: 2727.389 GC heap after
{Heap after GC invocations=160 (full 0):
 garbage-first heap   total 343040K, used 197636K [0x0000000080000000, 0x0000000100000000)
  region size 1024K, 9 young (9216K), 9 survivors (9216K)
 Metaspace       used 204109K, capacity 209883K, committed 210644K, reserved 1232896K
  class space    used 25250K, capacity 27310K, committed 27648K, reserved 1048576K
}
Event: 2729.427 GC heap before
{Heap before GC invocations=161 (full 0):
 garbage-first heap   total 343040K, used 295428K [0x0000000080000000, 0x0000000100000000)
  region size 1024K, 83 young (84992K), 9 survivors (9216K)
 Metaspace       used 208993K, capacity 214780K, committed 215380K, reserved 1236992K
  class space    used 25745K, capacity 27807K, committed 28032K, reserved 1048576K
}
Event: 2729.456 GC heap after
{Heap after GC invocations=162 (full 0):
 garbage-first heap   total 343040K, used 204052K [0x0000000080000000, 0x0000000100000000)
  region size 1024K, 8 young (8192K), 8 survivors (8192K)
 Metaspace       used 208993K, capacity 214780K, committed 215380K, reserved 1236992K
  class space    used 25745K, capacity 27807K, committed 28032K, reserved 1048576K
}
Event: 2729.607 GC heap before
{Heap before GC invocations=162 (full 0):
 garbage-first heap   total 343040K, used 212244K [0x0000000080000000, 0x0000000100000000)
  region size 1024K, 16 young (16384K), 8 survivors (8192K)
 Metaspace       used 209320K, capacity 215068K, committed 215636K, reserved 1236992K
  class space    used 25766K, capacity 27839K, committed 28032K, reserved 1048576K
}
Event: 2729.629 GC heap after
{Heap after GC invocations=163 (full 0):
 garbage-first heap   total 343040K, used 204805K [0x0000000080000000, 0x0000000100000000)
  region size 1024K, 2 young (2048K), 2 survivors (2048K)
 Metaspace       used 209320K, capacity 215068K, committed 215636K, reserved 1236992K
  class space    used 25766K, capacity 27839K, committed 28032K, reserved 1048576K
}
Event: 2730.697 GC heap before
{Heap before GC invocations=163 (full 0):
 garbage-first heap   total 343040K, used 277509K [0x0000000080000000, 0x0000000100000000)
  region size 1024K, 74 young (75776K), 2 survivors (2048K)
 Metaspace       used 210737K, capacity 216480K, committed 217044K, reserved 1239040K
  class space    used 25854K, capacity 27968K, committed 28160K, reserved 1048576K
}
Event: 2730.710 GC heap after
{Heap after GC invocations=164 (full 0):
 garbage-first heap   total 343040K, used 205738K [0x0000000080000000, 0x0000000100000000)
  region size 1024K, 3 young (3072K), 3 survivors (3072K)
 Metaspace       used 210737K, capacity 216480K, committed 217044K, reserved 1239040K
  class space    used 25854K, capacity 27968K, committed 28160K, reserved 1048576K
}
Event: 2731.971 GC heap before
{Heap before GC invocations=165 (full 0):
 garbage-first heap   total 343040K, used 275042K [0x0000000080000000, 0x0000000100000000)
  region size 1024K, 77 young (78848K), 3 survivors (3072K)
 Metaspace       used 211589K, capacity 217257K, committed 217812K, reserved 1239040K
  class space    used 25906K, capacity 27953K, committed 28160K, reserved 1048576K
}
Event: 2731.984 GC heap after
{Heap after GC invocations=166 (full 0):
 garbage-first heap   total 343040K, used 200945K [0x0000000080000000, 0x0000000100000000)
  region size 1024K, 5 young (5120K), 5 survivors (5120K)
 Metaspace       used 211589K, capacity 217257K, committed 217812K, reserved 1239040K
  class space    used 25906K, capacity 27953K, committed 28160K, reserved 1048576K
}
Event: 2732.030 GC heap before
{Heap before GC invocations=166 (full 0):
 garbage-first heap   total 343040K, used 211185K [0x0000000080000000, 0x0000000100000000)
  region size 1024K, 16 young (16384K), 5 survivors (5120K)
 Metaspace       used 211589K, capacity 217257K, committed 217812K, reserved 1239040K
  class space    used 25906K, capacity 27953K, committed 28160K, reserved 1048576K
}
Event: 2732.060 GC heap after
{Heap after GC invocations=167 (full 0):
 garbage-first heap   total 343040K, used 177871K [0x0000000080000000, 0x0000000100000000)
  region size 1024K, 1 young (1024K), 1 survivors (1024K)
 Metaspace       used 211589K, capacity 217257K, committed 217812K, reserved 1239040K
  class space    used 25906K, capacity 27953K, committed 28160K, reserved 1048576K
}
Event: 2732.347 GC heap before
{Heap before GC invocations=167 (full 0):
 garbage-first heap   total 343040K, used 205519K [0x0000000080000000, 0x0000000100000000)
  region size 1024K, 30 young (30720K), 1 survivors (1024K)
 Metaspace       used 211695K, capacity 217356K, committed 217812K, reserved 1239040K
  class space    used 25922K, capacity 27965K, committed 28160K, reserved 1048576K
}
Event: 2732.364 GC heap after
{Heap after GC invocations=168 (full 0):
 garbage-first heap   total 343040K, used 178655K [0x0000000080000000, 0x0000000100000000)
  region size 1024K, 2 young (2048K), 2 survivors (2048K)
 Metaspace       used 211695K, capacity 217356K, committed 217812K, reserved 1239040K
  class space    used 25922K, capacity 27965K, committed 28160K, reserved 1048576K
}
Event: 2733.507 GC heap before
{Heap before GC invocations=169 (full 0):
 garbage-first heap   total 343040K, used 264671K [0x0000000080000000, 0x0000000100000000)
  region size 1024K, 85 young (87040K), 2 survivors (2048K)
 Metaspace       used 212012K, capacity 217704K, committed 218068K, reserved 1239040K
  class space    used 25960K, capacity 28015K, committed 28160K, reserved 1048576K
}
Event: 2733.533 GC heap after
{Heap after GC invocations=170 (full 0):
 garbage-first heap   total 343040K, used 195406K [0x0000000080000000, 0x0000000100000000)
  region size 1024K, 11 young (11264K), 11 survivors (11264K)
 Metaspace       used 212012K, capacity 217704K, committed 218068K, reserved 1239040K
  class space    used 25960K, capacity 28015K, committed 28160K, reserved 1048576K
}
Event: 2733.577 GC heap before
{Heap before GC invocations=170 (full 0):
 garbage-first heap   total 343040K, used 200526K [0x0000000080000000, 0x0000000100000000)
  region size 1024K, 17 young (17408K), 11 survivors (11264K)
 Metaspace       used 212020K, capacity 217704K, committed 218068K, reserved 1239040K
  class space    used 25960K, capacity 28015K, committed 28160K, reserved 1048576K
}
Event: 2733.601 GC heap after
{Heap after GC invocations=171 (full 0):
 garbage-first heap   total 343040K, used 194007K [0x0000000080000000, 0x0000000100000000)
  region size 1024K, 2 young (2048K), 2 survivors (2048K)
 Metaspace       used 212020K, capacity 217704K, committed 218068K, reserved 1239040K
  class space    used 25960K, capacity 28015K, committed 28160K, reserved 1048576K
}
Event: 2734.068 GC heap before
{Heap before GC invocations=171 (full 0):
 garbage-first heap   total 343040K, used 268759K [0x0000000080000000, 0x0000000100000000)
  region size 1024K, 76 young (77824K), 2 survivors (2048K)
 Metaspace       used 212192K, capacity 217871K, committed 218324K, reserved 1239040K
  class space    used 25966K, capacity 28024K, committed 28160K, reserved 1048576K
}
Event: 2734.098 GC heap after
{Heap after GC invocations=172 (full 0):
 garbage-first heap   total 343040K, used 206681K [0x0000000080000000, 0x0000000100000000)
  region size 1024K, 10 young (10240K), 10 survivors (10240K)
 Metaspace       used 212192K, capacity 217871K, committed 218324K, reserved 1239040K
  class space    used 25966K, capacity 28024K, committed 28160K, reserved 1048576K
}
Event: 2734.848 GC heap before
{Heap before GC invocations=172 (full 0):
 garbage-first heap   total 343040K, used 276313K [0x0000000080000000, 0x0000000100000000)
  region size 1024K, 77 young (78848K), 10 survivors (10240K)
 Metaspace       used 212271K, capacity 217941K, committed 218324K, reserved 1239040K
  class space    used 25967K, capacity 28024K, committed 28160K, reserved 1048576K
}

